{
  "RSpec": {
    "coverage": {
      "/Users/Mazza/Projects/bookmark_manager/app/app.rb": [
        1,
        null,
        1,
        1,
        1,
        1,
        1,
        1,
        null,
        1,
        1,
        1,
        1,
        1
      ],
      "/Users/Mazza/Projects/bookmark_manager/app/data_mapper_setup.rb": [
        1,
        1,
        null,
        1,
        1,
        1,
        null,
        1,
        1,
        1
      ],
      "/Users/Mazza/Projects/bookmark_manager/app/models/tag.rb": [
        1,
        1,
        null,
        1,
        null,
        1,
        1,
        null
      ],
      "/Users/Mazza/Projects/bookmark_manager/app/models/link.rb": [
        1,
        1,
        null,
        1,
        1,
        null,
        1,
        null,
        1,
        1,
        1,
        null
      ],
      "/Users/Mazza/Projects/bookmark_manager/app/models/user.rb": [
        1,
        1,
        1,
        null,
        1,
        1,
        1,
        1,
        null,
        1,
        1,
        1,
        1,
        1,
        null,
        1,
        null,
        1,
        24,
        24,
        null,
        null,
        1,
        6,
        6,
        null,
        null,
        1,
        9,
        9,
        9,
        null,
        null,
        1,
        10,
        10,
        null,
        null
      ],
      "/Users/Mazza/Projects/bookmark_manager/app/controllers/links.rb": [
        1,
        1,
        14,
        null,
        null,
        1,
        21,
        21,
        null,
        null,
        1,
        2,
        null,
        2,
        2,
        null,
        2,
        2,
        null,
        null,
        1,
        2,
        null,
        null
      ],
      "/Users/Mazza/Projects/bookmark_manager/app/controllers/sessions.rb": [
        1,
        1,
        6,
        null,
        null,
        1,
        4,
        4,
        3,
        3,
        null,
        1,
        1,
        null,
        null,
        null,
        1,
        1,
        1,
        1,
        null,
        null
      ],
      "/Users/Mazza/Projects/bookmark_manager/app/controllers/tags.rb": [
        1,
        1,
        1,
        1,
        1,
        null,
        null
      ],
      "/Users/Mazza/Projects/bookmark_manager/app/controllers/users.rb": [
        1,
        1,
        17,
        17,
        null,
        null,
        1,
        17,
        null,
        null,
        17,
        13,
        13,
        null,
        4,
        4,
        null,
        null,
        null,
        1,
        8,
        null,
        null,
        1,
        7,
        7,
        7,
        null,
        null,
        1,
        6,
        6,
        4,
        4,
        null,
        2,
        null,
        null,
        null,
        1,
        3,
        3,
        null,
        2,
        2,
        null,
        1,
        1,
        null,
        null,
        null
      ],
      "/Users/Mazza/Projects/bookmark_manager/app/server.rb": [
        1,
        1,
        1,
        1,
        1,
        1,
        1,
        null,
        1,
        1,
        null,
        1,
        1,
        94,
        null,
        null,
        null,
        null,
        1,
        null
      ],
      "/Users/Mazza/Projects/bookmark_manager/spec/features/webhelpers.rb": [
        1,
        1,
        1,
        1,
        1,
        1,
        null,
        null,
        1,
        null,
        null,
        17,
        17,
        17,
        17,
        17,
        null,
        null,
        1,
        null,
        3,
        3,
        3,
        3,
        null,
        null,
        1,
        7,
        7,
        7,
        null,
        null,
        1,
        3,
        3,
        3,
        3,
        null
      ],
      "/Users/Mazza/Projects/bookmark_manager/spec/features/adding_tags_spec.rb": [
        1,
        1,
        1,
        1,
        1,
        null,
        1,
        null,
        null
      ],
      "/Users/Mazza/Projects/bookmark_manager/spec/features/creating_links_spec.rb": [
        1,
        1,
        1,
        1,
        1,
        1,
        1,
        1,
        null,
        null
      ],
      "/Users/Mazza/Projects/bookmark_manager/spec/features/default_view_spec.rb": [
        1,
        1,
        1,
        1,
        1,
        null,
        null
      ],
      "/Users/Mazza/Projects/bookmark_manager/spec/features/password_recovery_spec.rb": [
        1,
        1,
        1,
        1,
        1,
        null,
        1,
        1,
        1,
        null,
        1,
        4,
        null,
        1,
        8,
        8,
        null,
        6,
        1,
        1,
        1,
        1,
        1,
        null,
        null,
        1,
        1,
        1,
        1,
        null,
        1,
        1,
        1,
        1,
        1,
        1,
        1,
        null,
        1,
        1,
        1,
        1,
        null,
        1,
        1,
        1,
        1,
        1,
        null,
        null
      ],
      "/Users/Mazza/Projects/bookmark_manager/spec/features/user_signin_spec.rb": [
        1,
        1,
        1,
        1,
        1,
        null,
        1,
        1,
        1,
        1,
        null,
        null
      ],
      "/Users/Mazza/Projects/bookmark_manager/spec/features/user_signout_spec.rb": [
        1,
        1,
        1,
        1,
        1,
        1,
        null,
        null
      ],
      "/Users/Mazza/Projects/bookmark_manager/spec/features/user_signup_spec.rb": [
        1,
        1,
        2,
        1,
        1,
        null,
        null,
        1,
        2,
        1,
        1,
        null,
        null,
        1,
        2,
        1,
        1,
        null,
        null,
        1,
        2,
        1,
        1,
        null,
        null,
        1,
        1,
        2,
        1,
        null,
        null
      ],
      "/Users/Mazza/Projects/bookmark_manager/spec/features/viewing_links_spec.rb": [
        1,
        1,
        1,
        1,
        1,
        1,
        1,
        null,
        null,
        null,
        null,
        1,
        1,
        1,
        1,
        1,
        1,
        null,
        1,
        1,
        1,
        1,
        1,
        1,
        1,
        1,
        null,
        null,
        null
      ],
      "/Users/Mazza/Projects/bookmark_manager/spec/user_spec.rb": [
        1,
        1,
        4,
        null,
        null,
        null,
        null,
        1,
        1,
        1,
        null,
        1,
        1,
        null,
        1,
        1,
        1,
        1,
        null,
        null,
        1,
        1,
        1,
        1,
        null,
        null,
        null
      ]
    },
    "timestamp": 1485533220
  }
}
