{
  "RSpec": {
    "coverage": {
      "/Users/Mazza/Projects/bookmark_manager/app/app.rb": [
        1,
        1,
        1,
        1,
        null,
        1,
        1,
        null,
        1,
        1,
        null,
        null,
        1,
        4,
        4,
        null,
        null,
        1,
        2,
        null,
        2,
        2,
        2,
        2,
        null,
        null,
        1,
        2,
        null,
        null,
        1,
        1,
        1,
        1,
        null,
        null,
        null,
        1,
        null
      ],
      "/Users/Mazza/Projects/bookmark_manager/app/models/link.rb": [
        1,
        1,
        null,
        1,
        1,
        null,
        1,
        null,
        1,
        1,
        1,
        null
      ],
      "/Users/Mazza/Projects/bookmark_manager/app/models/tag.rb": [
        1,
        1,
        null,
        1,
        null,
        1,
        1,
        null
      ],
      "/Users/Mazza/Projects/bookmark_manager/app/data_mapper_setup.rb": [
        1,
        1,
        null,
        1,
        1,
        null,
        1,
        1,
        1
      ],
      "/Users/Mazza/Projects/bookmark_manager/spec/features/adding_tags_spec.rb": [
        1,
        1,
        1,
        1,
        1,
        1,
        1,
        1,
        1,
        1,
        null,
        null
      ],
      "/Users/Mazza/Projects/bookmark_manager/spec/features/creating_links_spec.rb": [
        1,
        1,
        1,
        1,
        1,
        1,
        1,
        1,
        null,
        null
      ],
      "/Users/Mazza/Projects/bookmark_manager/spec/features/default_view_spec.rb": [
        1,
        1,
        1,
        1,
        1,
        null,
        null
      ],
      "/Users/Mazza/Projects/bookmark_manager/spec/features/viewing_links_spec.rb": [
        1,
        1,
        1,
        1,
        1,
        1,
        1,
        null,
        null,
        null,
        null,
        1,
        1,
        1,
        1,
        1,
        1,
        null,
        1,
        1,
        1,
        1,
        1,
        1,
        1,
        1,
        null,
        null,
        null
      ]
    },
    "timestamp": 1485281879
  }
}
